[2014-06-30 14:02:42] core.ERROR: exception 'SmartyException' with message 'Unable to load template snippet 'frontend/detail/index.tpl|frontend/plugins/swag_variants_tabs/index.tpl|frontend/index/variants_tab_header.tpl|frontend/plugins/facebook/blocks_detail.tpl|frontend/plugins/seo/index.tpl|frontend/plugins/advanced_menu/index.tpl'' in /kunden/399154_22085/webseiten/shop/engine/Library/Smarty/sysplugins/smarty_internal_templatebase.php:127
Stack trace:
#0 /kunden/399154_22085/webseiten/shop/engine/Library/Enlight/View/Default.php(273): Smarty_Internal_TemplateBase->fetch()
#1 /kunden/399154_22085/webseiten/shop/engine/Library/Enlight/Controller/Plugins/ViewRenderer/Bootstrap.php(212): Enlight_View_Default->render(Object(Enlight_Template_Default))
#2 /kunden/399154_22085/webseiten/shop/engine/Library/Enlight/Controller/Plugins/ViewRenderer/Bootstrap.php(238): Enlight_Controller_Plugins_ViewRenderer_Bootstrap->renderTemplate(Object(Enlight_Template_Default))
#3 /kunden/399154_22085/webseiten/shop/engine/Library/Enlight/Controller/Plugins/ViewRenderer/Bootstrap.php(136): Enlight_Controller_Plugins_ViewRenderer_Bootstrap->render()
#4 [internal function]: Enlight_Controller_Plugins_ViewRenderer_Bootstrap->onPostDispatch(Object(Enlight_Controller_ActionEventArgs))
#5 /kunden/399154_22085/webseiten/shop/engine/Library/Enlight/Event/Handler/Default.php(91): call_user_func(Array, Object(Enlight_Controller_ActionEventArgs))
#6 /kunden/399154_22085/webseiten/shop/engine/Library/Enlight/Event/EventManager.php(211): Enlight_Event_Handler_Default->execute(Object(Enlight_Controller_ActionEventArgs))
#7 /kunden/399154_22085/webseiten/shop/engine/Library/Enlight/Controller/Action.php(202): Enlight_Event_EventManager->notify('Enlight_Control...', Object(Enlight_Controller_ActionEventArgs))
#8 /kunden/399154_22085/webseiten/shop/engine/Library/Enlight/Controller/Dispatcher/Default.php(528): Enlight_Controller_Action->dispatch('indexAction')
#9 /kunden/399154_22085/webseiten/shop/engine/Library/Enlight/Controller/Front.php(228): Enlight_Controller_Dispatcher_Default->dispatch(Object(Enlight_Controller_Request_RequestHttp), Object(Enlight_Controller_Response_ResponseHttp))
#10 /kunden/399154_22085/webseiten/shop/engine/Shopware/Kernel.php(141): Enlight_Controller_Front->dispatch()
#11 /kunden/399154_22085/webseiten/shop/vendor/symfony/http-kernel/Symfony/Component/HttpKernel/HttpCache/HttpCache.php(473): Shopware\Kernel->handle(Object(Symfony\Component\HttpFoundation\Request), 1, true)
#12 /kunden/399154_22085/webseiten/shop/engine/Shopware/Components/HttpCache/AppCache.php(256): Symfony\Component\HttpKernel\HttpCache\HttpCache->forward(Object(Symfony\Component\HttpFoundation\Request), true, NULL)
#13 /kunden/399154_22085/webseiten/shop/vendor/symfony/http-kernel/Symfony/Component/HttpKernel/HttpCache/HttpCache.php(430): Shopware\Components\HttpCache\AppCache->forward(Object(Symfony\Component\HttpFoundation\Request), true)
#14 /kunden/399154_22085/webseiten/shop/vendor/symfony/http-kernel/Symfony/Component/HttpKernel/HttpCache/HttpCache.php(330): Symfony\Component\HttpKernel\HttpCache\HttpCache->fetch(Object(Symfony\Component\HttpFoundation\Request), true)
#15 /kunden/399154_22085/webseiten/shop/engine/Shopware/Components/HttpCache/AppCache.php(178): Symfony\Component\HttpKernel\HttpCache\HttpCache->lookup(Object(Symfony\Component\HttpFoundation\Request), true)
#16 /kunden/399154_22085/webseiten/shop/vendor/symfony/http-kernel/Symfony/Component/HttpKernel/HttpCache/HttpCache.php(194): Shopware\Components\HttpCache\AppCache->lookup(Object(Symfony\Component\HttpFoundation\Request), true)
#17 /kunden/399154_22085/webseiten/shop/engine/Shopware/Components/HttpCache/AppCache.php(113): Symfony\Component\HttpKernel\HttpCache\HttpCache->handle(Object(Symfony\Component\HttpFoundation\Request), 1, true)
#18 /kunden/399154_22085/webseiten/shop/shopware.php(91): Shopware\Components\HttpCache\AppCache->handle(Object(Symfony\Component\HttpFoundation\Request))
#19 {main} [] {"uid":"8e94caa"}
[2014-06-30 14:59:07] core.ERROR: exception 'SmartyCompilerException' with message 'Syntax Error in template &quot;/kunden/399154_22085/webseiten/shop/templates/emotion_pureglow/widgets/recommendation/slide_articles.tpl&quot;  on line 40 &quot;{include(&amp;quot;../../engine/Shopware/Plugins/Local/Frontend/SwagVariantsTab/View/frontend/plugins/swag_variants_tabs/index.tpl&amp;quot;)}&quot; unknown function &quot;include&quot;' in /kunden/399154_22085/webseiten/shop/engine/Library/Smarty/sysplugins/smarty_internal_templatecompilerbase.php:657
Stack trace:
#0 /kunden/399154_22085/webseiten/shop/engine/Library/Smarty/sysplugins/smarty_internal_templateparser.php(2900): Smarty_Internal_TemplateCompilerBase->trigger_template_error('unknown functio...')
#1 /kunden/399154_22085/webseiten/shop/engine/Library/Smarty/sysplugins/smarty_internal_templateparser.php(3101): Smarty_Internal_Templateparser->yy_r153()
#2 /kunden/399154_22085/webseiten/shop/engine/Library/Smarty/sysplugins/smarty_internal_templateparser.php(3201): Smarty_Internal_Templateparser->yy_reduce(153)
#3 /kunden/399154_22085/webseiten/shop/engine/Library/Smarty/sysplugins/smarty_internal_smartytemplatecompiler.php(105): Smarty_Internal_Templateparser->doParse(17, '}')
#4 /kunden/399154_22085/webseiten/shop/engine/Library/Smarty/sysplugins/smarty_internal_templatecompilerbase.php(192): Smarty_Internal_SmartyTemplateCompiler->doCompile('asdasdasdsd<div...')
#5 /kunden/399154_22085/webseiten/shop/engine/Library/Smarty/sysplugins/smarty_internal_template.php(187): Smarty_Internal_TemplateCompilerBase->compileTemplate(Object(Enlight_Template_Default))
#6 /kunden/399154_22085/webseiten/shop/engine/Library/Smarty/sysplugins/smarty_internal_templatebase.php(164): Smarty_Internal_Template->compileTemplateSource()
#7 /kunden/399154_22085/webseiten/shop/engine/Library/Smarty/sysplugins/smarty_internal_template.php(286): Smarty_Internal_TemplateBase->fetch(NULL, NULL, NULL, NULL, false, false, true)
#8 /kunden/399154_22085/webseiten/shop/cache/templates/frontend_emotion_pureglow_de_DE_1/80/b3/a9/80b3a96c4a90d3f679e95bb85774270c97576991.snippet.viewed.tpl.php(56): Smarty_Internal_Template->getSubTemplate('widgets/recomme...', NULL, 'frontend_emotio...', NULL, NULL, Array, 0)
#9 /kunden/399154_22085/webseiten/shop/engine/Library/Smarty/sysplugins/smarty_internal_templatebase.php(180): content_53b1584bac7fa7_15982594(Object(Enlight_Template_Default))
#10 /kunden/399154_22085/webseiten/shop/engine/Library/Enlight/View/Default.php(273): Smarty_Internal_TemplateBase->fetch()
#11 /kunden/399154_22085/webseiten/shop/engine/Library/Enlight/Controller/Plugins/ViewRenderer/Bootstrap.php(212): Enlight_View_Default->render(Object(Enlight_Template_Default))
#12 /kunden/399154_22085/webseiten/shop/engine/Library/Enlight/Controller/Plugins/ViewRenderer/Bootstrap.php(238): Enlight_Controller_Plugins_ViewRenderer_Bootstrap->renderTemplate(Object(Enlight_Template_Default))
#13 /kunden/399154_22085/webseiten/shop/engine/Library/Enlight/Controller/Plugins/ViewRenderer/Bootstrap.php(136): Enlight_Controller_Plugins_ViewRenderer_Bootstrap->render()
#14 [internal function]: Enlight_Controller_Plugins_ViewRenderer_Bootstrap->onPostDispatch(Object(Enlight_Controller_ActionEventArgs))
#15 /kunden/399154_22085/webseiten/shop/engine/Library/Enlight/Event/Handler/Default.php(91): call_user_func(Array, Object(Enlight_Controller_ActionEventArgs))
#16 /kunden/399154_22085/webseiten/shop/engine/Library/Enlight/Event/EventManager.php(211): Enlight_Event_Handler_Default->execute(Object(Enlight_Controller_ActionEventArgs))
#17 /kunden/399154_22085/webseiten/shop/engine/Library/Enlight/Controller/Action.php(202): Enlight_Event_EventManager->notify('Enlight_Control...', Object(Enlight_Controller_ActionEventArgs))
#18 /kunden/399154_22085/webseiten/shop/engine/Library/Enlight/Controller/Dispatcher/Default.php(528): Enlight_Controller_Action->dispatch('viewedAction')
#19 /kunden/399154_22085/webseiten/shop/engine/Library/Enlight/Template/Plugins/function.action.php(96): Enlight_Controller_Dispatcher_Default->dispatch(Object(Enlight_Controller_Request_RequestHttp), Object(Enlight_Controller_Response_ResponseHttp))
#20 /kunden/399154_22085/webseiten/shop/cache/templates/frontend_emotion_pureglow_de_DE_1/16/02/c2/1602c28c0b097415d9d2d55d5d7bfa9958f41fe6.snippet.index.tpl.php(826): smarty_function_action(Array, Object(Enlight_Template_Default))
#21 /kunden/399154_22085/webseiten/shop/engine/Library/Smarty/sysplugins/smarty_internal_templatebase.php(180): content_53b1584b6794f2_16818937(Object(Enlight_Template_Default))
#22 /kunden/399154_22085/webseiten/shop/engine/Library/Enlight/View/Default.php(273): Smarty_Internal_TemplateBase->fetch()
#23 /kunden/399154_22085/webseiten/shop/engine/Library/Enlight/Controller/Plugins/ViewRenderer/Bootstrap.php(212): Enlight_View_Default->render(Object(Enlight_Template_Default))
#24 /kunden/399154_22085/webseiten/shop/engine/Library/Enlight/Controller/Plugins/ViewRenderer/Bootstrap.php(238): Enlight_Controller_Plugins_ViewRenderer_Bootstrap->renderTemplate(Object(Enlight_Template_Default))
#25 /kunden/399154_22085/webseiten/shop/engine/Library/Enlight/Controller/Plugins/ViewRenderer/Bootstrap.php(136): Enlight_Controller_Plugins_ViewRenderer_Bootstrap->render()
#26 [internal function]: Enlight_Controller_Plugins_ViewRenderer_Bootstrap->onPostDispatch(Object(Enlight_Controller_ActionEventArgs))
#27 /kunden/399154_22085/webseiten/shop/engine/Library/Enlight/Event/Handler/Default.php(91): call_user_func(Array, Object(Enlight_Controller_ActionEventArgs))
#28 /kunden/399154_22085/webseiten/shop/engine/Library/Enlight/Event/EventManager.php(211): Enlight_Event_Handler_Default->execute(Object(Enlight_Controller_ActionEventArgs))
#29 /kunden/399154_22085/webseiten/shop/engine/Library/Enlight/Controller/Action.php(202): Enlight_Event_EventManager->notify('Enlight_Control...', Object(Enlight_Controller_ActionEventArgs))
#30 /kunden/399154_22085/webseiten/shop/engine/Library/Enlight/Controller/Dispatcher/Default.php(528): Enlight_Controller_Action->dispatch('indexAction')
#31 /kunden/399154_22085/webseiten/shop/engine/Library/Enlight/Controller/Front.php(228): Enlight_Controller_Dispatcher_Default->dispatch(Object(Enlight_Controller_Request_RequestHttp), Object(Enlight_Controller_Response_ResponseHttp))
#32 /kunden/399154_22085/webseiten/shop/engine/Shopware/Kernel.php(141): Enlight_Controller_Front->dispatch()
#33 /kunden/399154_22085/webseiten/shop/vendor/symfony/http-kernel/Symfony/Component/HttpKernel/HttpCache/HttpCache.php(473): Shopware\Kernel->handle(Object(Symfony\Component\HttpFoundation\Request), 1, true)
#34 /kunden/399154_22085/webseiten/shop/engine/Shopware/Components/HttpCache/AppCache.php(256): Symfony\Component\HttpKernel\HttpCache\HttpCache->forward(Object(Symfony\Component\HttpFoundation\Request), true, NULL)
#35 /kunden/399154_22085/webseiten/shop/vendor/symfony/http-kernel/Symfony/Component/HttpKernel/HttpCache/HttpCache.php(430): Shopware\Components\HttpCache\AppCache->forward(Object(Symfony\Component\HttpFoundation\Request), true)
#36 /kunden/399154_22085/webseiten/shop/vendor/symfony/http-kernel/Symfony/Component/HttpKernel/HttpCache/HttpCache.php(330): Symfony\Component\HttpKernel\HttpCache\HttpCache->fetch(Object(Symfony\Component\HttpFoundation\Request), true)
#37 /kunden/399154_22085/webseiten/shop/engine/Shopware/Components/HttpCache/AppCache.php(178): Symfony\Component\HttpKernel\HttpCache\HttpCache->lookup(Object(Symfony\Component\HttpFoundation\Request), true)
#38 /kunden/399154_22085/webseiten/shop/vendor/symfony/http-kernel/Symfony/Component/HttpKernel/HttpCache/HttpCache.php(194): Shopware\Components\HttpCache\AppCache->lookup(Object(Symfony\Component\HttpFoundation\Request), true)
#39 /kunden/399154_22085/webseiten/shop/engine/Shopware/Components/HttpCache/AppCache.php(113): Symfony\Component\HttpKernel\HttpCache\HttpCache->handle(Object(Symfony\Component\HttpFoundation\Request), 1, true)
#40 /kunden/399154_22085/webseiten/shop/shopware.php(91): Shopware\Components\HttpCache\AppCache->handle(Object(Symfony\Component\HttpFoundation\Request))
#41 {main} [] {"uid":"c9ca9b2"}
[2014-06-30 14:59:59] core.ERROR: exception 'SmartyException' with message 'Unable to load template snippet 'f../../engine/Shopware/Plugins/Local/Frontend/SwagVariantsTab/View/frontend/plugins/swag_variants_tabs/index.tpl' in 'widgets/recommendation/slide_articles.tpl'' in /kunden/399154_22085/webseiten/shop/engine/Library/Smarty/sysplugins/smarty_internal_templatebase.php:127
Stack trace:
#0 /kunden/399154_22085/webseiten/shop/engine/Library/Smarty/sysplugins/smarty_internal_template.php(286): Smarty_Internal_TemplateBase->fetch(NULL, NULL, NULL, NULL, false, false, true)
#1 /kunden/399154_22085/webseiten/shop/cache/templates/frontend_emotion_pureglow_de_DE_1/d5/aa/64/d5aa646e13ef74c911fa8a8194020a622e4947bd.snippet.slide_articles.tpl.php(105): Smarty_Internal_Template->getSubTemplate('f../../engine/S...', NULL, 'frontend_emotio...', NULL, NULL, Array, 0)
#2 /kunden/399154_22085/webseiten/shop/engine/Library/Smarty/sysplugins/smarty_internal_templatebase.php(180): content_53b15d3488a885_84212976(Object(Enlight_Template_Default))
#3 /kunden/399154_22085/webseiten/shop/engine/Library/Smarty/sysplugins/smarty_internal_template.php(286): Smarty_Internal_TemplateBase->fetch(NULL, NULL, NULL, NULL, false, false, true)
#4 /kunden/399154_22085/webseiten/shop/cache/templates/frontend_emotion_pureglow_de_DE_1/80/b3/a9/80b3a96c4a90d3f679e95bb85774270c97576991.snippet.viewed.tpl.php(56): Smarty_Internal_Template->getSubTemplate('widgets/recomme...', NULL, 'frontend_emotio...', NULL, NULL, Array, 0)
#5 /kunden/399154_22085/webseiten/shop/engine/Library/Smarty/sysplugins/smarty_internal_templatebase.php(180): content_53b1584bac7fa7_15982594(Object(Enlight_Template_Default))
#6 /kunden/399154_22085/webseiten/shop/engine/Library/Enlight/View/Default.php(273): Smarty_Internal_TemplateBase->fetch()
#7 /kunden/399154_22085/webseiten/shop/engine/Library/Enlight/Controller/Plugins/ViewRenderer/Bootstrap.php(212): Enlight_View_Default->render(Object(Enlight_Template_Default))
#8 /kunden/399154_22085/webseiten/shop/engine/Library/Enlight/Controller/Plugins/ViewRenderer/Bootstrap.php(238): Enlight_Controller_Plugins_ViewRenderer_Bootstrap->renderTemplate(Object(Enlight_Template_Default))
#9 /kunden/399154_22085/webseiten/shop/engine/Library/Enlight/Controller/Plugins/ViewRenderer/Bootstrap.php(136): Enlight_Controller_Plugins_ViewRenderer_Bootstrap->render()
#10 [internal function]: Enlight_Controller_Plugins_ViewRenderer_Bootstrap->onPostDispatch(Object(Enlight_Controller_ActionEventArgs))
#11 /kunden/399154_22085/webseiten/shop/engine/Library/Enlight/Event/Handler/Default.php(91): call_user_func(Array, Object(Enlight_Controller_ActionEventArgs))
#12 /kunden/399154_22085/webseiten/shop/engine/Library/Enlight/Event/EventManager.php(211): Enlight_Event_Handler_Default->execute(Object(Enlight_Controller_ActionEventArgs))
#13 /kunden/399154_22085/webseiten/shop/engine/Library/Enlight/Controller/Action.php(202): Enlight_Event_EventManager->notify('Enlight_Control...', Object(Enlight_Controller_ActionEventArgs))
#14 /kunden/399154_22085/webseiten/shop/engine/Library/Enlight/Controller/Dispatcher/Default.php(528): Enlight_Controller_Action->dispatch('viewedAction')
#15 /kunden/399154_22085/webseiten/shop/engine/Library/Enlight/Template/Plugins/function.action.php(96): Enlight_Controller_Dispatcher_Default->dispatch(Object(Enlight_Controller_Request_RequestHttp), Object(Enlight_Controller_Response_ResponseHttp))
#16 /kunden/399154_22085/webseiten/shop/cache/templates/frontend_emotion_pureglow_de_DE_1/16/02/c2/1602c28c0b097415d9d2d55d5d7bfa9958f41fe6.snippet.index.tpl.php(826): smarty_function_action(Array, Object(Enlight_Template_Default))
#17 /kunden/399154_22085/webseiten/shop/engine/Library/Smarty/sysplugins/smarty_internal_templatebase.php(180): content_53b1584b6794f2_16818937(Object(Enlight_Template_Default))
#18 /kunden/399154_22085/webseiten/shop/engine/Library/Enlight/View/Default.php(273): Smarty_Internal_TemplateBase->fetch()
#19 /kunden/399154_22085/webseiten/shop/engine/Library/Enlight/Controller/Plugins/ViewRenderer/Bootstrap.php(212): Enlight_View_Default->render(Object(Enlight_Template_Default))
#20 /kunden/399154_22085/webseiten/shop/engine/Library/Enlight/Controller/Plugins/ViewRenderer/Bootstrap.php(238): Enlight_Controller_Plugins_ViewRenderer_Bootstrap->renderTemplate(Object(Enlight_Template_Default))
#21 /kunden/399154_22085/webseiten/shop/engine/Library/Enlight/Controller/Plugins/ViewRenderer/Bootstrap.php(136): Enlight_Controller_Plugins_ViewRenderer_Bootstrap->render()
#22 [internal function]: Enlight_Controller_Plugins_ViewRenderer_Bootstrap->onPostDispatch(Object(Enlight_Controller_ActionEventArgs))
#23 /kunden/399154_22085/webseiten/shop/engine/Library/Enlight/Event/Handler/Default.php(91): call_user_func(Array, Object(Enlight_Controller_ActionEventArgs))
#24 /kunden/399154_22085/webseiten/shop/engine/Library/Enlight/Event/EventManager.php(211): Enlight_Event_Handler_Default->execute(Object(Enlight_Controller_ActionEventArgs))
#25 /kunden/399154_22085/webseiten/shop/engine/Library/Enlight/Controller/Action.php(202): Enlight_Event_EventManager->notify('Enlight_Control...', Object(Enlight_Controller_ActionEventArgs))
#26 /kunden/399154_22085/webseiten/shop/engine/Library/Enlight/Controller/Dispatcher/Default.php(528): Enlight_Controller_Action->dispatch('indexAction')
#27 /kunden/399154_22085/webseiten/shop/engine/Library/Enlight/Controller/Front.php(228): Enlight_Controller_Dispatcher_Default->dispatch(Object(Enlight_Controller_Request_RequestHttp), Object(Enlight_Controller_Response_ResponseHttp))
#28 /kunden/399154_22085/webseiten/shop/engine/Shopware/Kernel.php(141): Enlight_Controller_Front->dispatch()
#29 /kunden/399154_22085/webseiten/shop/vendor/symfony/http-kernel/Symfony/Component/HttpKernel/HttpCache/HttpCache.php(473): Shopware\Kernel->handle(Object(Symfony\Component\HttpFoundation\Request), 1, true)
#30 /kunden/399154_22085/webseiten/shop/engine/Shopware/Components/HttpCache/AppCache.php(256): Symfony\Component\HttpKernel\HttpCache\HttpCache->forward(Object(Symfony\Component\HttpFoundation\Request), true, NULL)
#31 /kunden/399154_22085/webseiten/shop/vendor/symfony/http-kernel/Symfony/Component/HttpKernel/HttpCache/HttpCache.php(430): Shopware\Components\HttpCache\AppCache->forward(Object(Symfony\Component\HttpFoundation\Request), true)
#32 /kunden/399154_22085/webseiten/shop/vendor/symfony/http-kernel/Symfony/Component/HttpKernel/HttpCache/HttpCache.php(330): Symfony\Component\HttpKernel\HttpCache\HttpCache->fetch(Object(Symfony\Component\HttpFoundation\Request), true)
#33 /kunden/399154_22085/webseiten/shop/engine/Shopware/Components/HttpCache/AppCache.php(178): Symfony\Component\HttpKernel\HttpCache\HttpCache->lookup(Object(Symfony\Component\HttpFoundation\Request), true)
#34 /kunden/399154_22085/webseiten/shop/vendor/symfony/http-kernel/Symfony/Component/HttpKernel/HttpCache/HttpCache.php(194): Shopware\Components\HttpCache\AppCache->lookup(Object(Symfony\Component\HttpFoundation\Request), true)
#35 /kunden/399154_22085/webseiten/shop/engine/Shopware/Components/HttpCache/AppCache.php(113): Symfony\Component\HttpKernel\HttpCache\HttpCache->handle(Object(Symfony\Component\HttpFoundation\Request), 1, true)
#36 /kunden/399154_22085/webseiten/shop/shopware.php(91): Shopware\Components\HttpCache\AppCache->handle(Object(Symfony\Component\HttpFoundation\Request))
#37 {main} [] {"uid":"0b427b4"}
[2014-06-30 15:00:11] core.ERROR: exception 'SmartyException' with message 'Unable to load template snippet 'f../../engine/Shopware/Plugins/Local/Frontend/SwagVariantsTab/View/frontend/plugins/swag_variants_tabs/index.tpl' in 'widgets/recommendation/slide_articles.tpl'' in /kunden/399154_22085/webseiten/shop/engine/Library/Smarty/sysplugins/smarty_internal_templatebase.php:127
Stack trace:
#0 /kunden/399154_22085/webseiten/shop/engine/Library/Smarty/sysplugins/smarty_internal_template.php(286): Smarty_Internal_TemplateBase->fetch(NULL, NULL, NULL, NULL, false, false, true)
#1 /kunden/399154_22085/webseiten/shop/cache/templates/frontend_emotion_pureglow_de_DE_1/d5/aa/64/d5aa646e13ef74c911fa8a8194020a622e4947bd.snippet.slide_articles.tpl.php(105): Smarty_Internal_Template->getSubTemplate('f../../engine/S...', NULL, 'frontend_emotio...', NULL, NULL, Array, 0)
#2 /kunden/399154_22085/webseiten/shop/engine/Library/Smarty/sysplugins/smarty_internal_templatebase.php(180): content_53b15d3488a885_84212976(Object(Enlight_Template_Default))
#3 /kunden/399154_22085/webseiten/shop/engine/Library/Smarty/sysplugins/smarty_internal_template.php(286): Smarty_Internal_TemplateBase->fetch(NULL, NULL, NULL, NULL, false, false, true)
#4 /kunden/399154_22085/webseiten/shop/cache/templates/frontend_emotion_pureglow_de_DE_1/80/b3/a9/80b3a96c4a90d3f679e95bb85774270c97576991.snippet.viewed.tpl.php(56): Smarty_Internal_Template->getSubTemplate('widgets/recomme...', NULL, 'frontend_emotio...', NULL, NULL, Array, 0)
#5 /kunden/399154_22085/webseiten/shop/engine/Library/Smarty/sysplugins/smarty_internal_templatebase.php(180): content_53b1584bac7fa7_15982594(Object(Enlight_Template_Default))
#6 /kunden/399154_22085/webseiten/shop/engine/Library/Enlight/View/Default.php(273): Smarty_Internal_TemplateBase->fetch()
#7 /kunden/399154_22085/webseiten/shop/engine/Library/Enlight/Controller/Plugins/ViewRenderer/Bootstrap.php(212): Enlight_View_Default->render(Object(Enlight_Template_Default))
#8 /kunden/399154_22085/webseiten/shop/engine/Library/Enlight/Controller/Plugins/ViewRenderer/Bootstrap.php(238): Enlight_Controller_Plugins_ViewRenderer_Bootstrap->renderTemplate(Object(Enlight_Template_Default))
#9 /kunden/399154_22085/webseiten/shop/engine/Library/Enlight/Controller/Plugins/ViewRenderer/Bootstrap.php(136): Enlight_Controller_Plugins_ViewRenderer_Bootstrap->render()
#10 [internal function]: Enlight_Controller_Plugins_ViewRenderer_Bootstrap->onPostDispatch(Object(Enlight_Controller_ActionEventArgs))
#11 /kunden/399154_22085/webseiten/shop/engine/Library/Enlight/Event/Handler/Default.php(91): call_user_func(Array, Object(Enlight_Controller_ActionEventArgs))
#12 /kunden/399154_22085/webseiten/shop/engine/Library/Enlight/Event/EventManager.php(211): Enlight_Event_Handler_Default->execute(Object(Enlight_Controller_ActionEventArgs))
#13 /kunden/399154_22085/webseiten/shop/engine/Library/Enlight/Controller/Action.php(202): Enlight_Event_EventManager->notify('Enlight_Control...', Object(Enlight_Controller_ActionEventArgs))
#14 /kunden/399154_22085/webseiten/shop/engine/Library/Enlight/Controller/Dispatcher/Default.php(528): Enlight_Controller_Action->dispatch('viewedAction')
#15 /kunden/399154_22085/webseiten/shop/engine/Library/Enlight/Template/Plugins/function.action.php(96): Enlight_Controller_Dispatcher_Default->dispatch(Object(Enlight_Controller_Request_RequestHttp), Object(Enlight_Controller_Response_ResponseHttp))
#16 /kunden/399154_22085/webseiten/shop/cache/templates/frontend_emotion_pureglow_de_DE_1/16/02/c2/1602c28c0b097415d9d2d55d5d7bfa9958f41fe6.snippet.index.tpl.php(826): smarty_function_action(Array, Object(Enlight_Template_Default))
#17 /kunden/399154_22085/webseiten/shop/engine/Library/Smarty/sysplugins/smarty_internal_templatebase.php(180): content_53b1584b6794f2_16818937(Object(Enlight_Template_Default))
#18 /kunden/399154_22085/webseiten/shop/engine/Library/Enlight/View/Default.php(273): Smarty_Internal_TemplateBase->fetch()
#19 /kunden/399154_22085/webseiten/shop/engine/Library/Enlight/Controller/Plugins/ViewRenderer/Bootstrap.php(212): Enlight_View_Default->render(Object(Enlight_Template_Default))
#20 /kunden/399154_22085/webseiten/shop/engine/Library/Enlight/Controller/Plugins/ViewRenderer/Bootstrap.php(238): Enlight_Controller_Plugins_ViewRenderer_Bootstrap->renderTemplate(Object(Enlight_Template_Default))
#21 /kunden/399154_22085/webseiten/shop/engine/Library/Enlight/Controller/Plugins/ViewRenderer/Bootstrap.php(136): Enlight_Controller_Plugins_ViewRenderer_Bootstrap->render()
#22 [internal function]: Enlight_Controller_Plugins_ViewRenderer_Bootstrap->onPostDispatch(Object(Enlight_Controller_ActionEventArgs))
#23 /kunden/399154_22085/webseiten/shop/engine/Library/Enlight/Event/Handler/Default.php(91): call_user_func(Array, Object(Enlight_Controller_ActionEventArgs))
#24 /kunden/399154_22085/webseiten/shop/engine/Library/Enlight/Event/EventManager.php(211): Enlight_Event_Handler_Default->execute(Object(Enlight_Controller_ActionEventArgs))
#25 /kunden/399154_22085/webseiten/shop/engine/Library/Enlight/Controller/Action.php(202): Enlight_Event_EventManager->notify('Enlight_Control...', Object(Enlight_Controller_ActionEventArgs))
#26 /kunden/399154_22085/webseiten/shop/engine/Library/Enlight/Controller/Dispatcher/Default.php(528): Enlight_Controller_Action->dispatch('indexAction')
#27 /kunden/399154_22085/webseiten/shop/engine/Library/Enlight/Controller/Front.php(228): Enlight_Controller_Dispatcher_Default->dispatch(Object(Enlight_Controller_Request_RequestHttp), Object(Enlight_Controller_Response_ResponseHttp))
#28 /kunden/399154_22085/webseiten/shop/engine/Shopware/Kernel.php(141): Enlight_Controller_Front->dispatch()
#29 /kunden/399154_22085/webseiten/shop/vendor/symfony/http-kernel/Symfony/Component/HttpKernel/HttpCache/HttpCache.php(473): Shopware\Kernel->handle(Object(Symfony\Component\HttpFoundation\Request), 1, true)
#30 /kunden/399154_22085/webseiten/shop/engine/Shopware/Components/HttpCache/AppCache.php(256): Symfony\Component\HttpKernel\HttpCache\HttpCache->forward(Object(Symfony\Component\HttpFoundation\Request), true, NULL)
#31 /kunden/399154_22085/webseiten/shop/vendor/symfony/http-kernel/Symfony/Component/HttpKernel/HttpCache/HttpCache.php(430): Shopware\Components\HttpCache\AppCache->forward(Object(Symfony\Component\HttpFoundation\Request), true)
#32 /kunden/399154_22085/webseiten/shop/vendor/symfony/http-kernel/Symfony/Component/HttpKernel/HttpCache/HttpCache.php(330): Symfony\Component\HttpKernel\HttpCache\HttpCache->fetch(Object(Symfony\Component\HttpFoundation\Request), true)
#33 /kunden/399154_22085/webseiten/shop/engine/Shopware/Components/HttpCache/AppCache.php(178): Symfony\Component\HttpKernel\HttpCache\HttpCache->lookup(Object(Symfony\Component\HttpFoundation\Request), true)
#34 /kunden/399154_22085/webseiten/shop/vendor/symfony/http-kernel/Symfony/Component/HttpKernel/HttpCache/HttpCache.php(194): Shopware\Components\HttpCache\AppCache->lookup(Object(Symfony\Component\HttpFoundation\Request), true)
#35 /kunden/399154_22085/webseiten/shop/engine/Shopware/Components/HttpCache/AppCache.php(113): Symfony\Component\HttpKernel\HttpCache\HttpCache->handle(Object(Symfony\Component\HttpFoundation\Request), 1, true)
#36 /kunden/399154_22085/webseiten/shop/shopware.php(91): Shopware\Components\HttpCache\AppCache->handle(Object(Symfony\Component\HttpFoundation\Request))
#37 {main} [] {"uid":"15efc95"}
[2014-06-30 15:00:49] core.ERROR: exception 'SmartyException' with message 'Unable to load template snippet 'f../../engine/Shopware/Plugins/Local/Frontend/SwagVariantsTab/Views/frontend/plugins/swag_variants_tabs/index.tpl' in 'widgets/recommendation/slide_articles.tpl'' in /kunden/399154_22085/webseiten/shop/engine/Library/Smarty/sysplugins/smarty_internal_templatebase.php:127
Stack trace:
#0 /kunden/399154_22085/webseiten/shop/engine/Library/Smarty/sysplugins/smarty_internal_template.php(286): Smarty_Internal_TemplateBase->fetch(NULL, NULL, NULL, NULL, false, false, true)
#1 /kunden/399154_22085/webseiten/shop/cache/templates/frontend_emotion_pureglow_de_DE_1/d5/aa/64/d5aa646e13ef74c911fa8a8194020a622e4947bd.snippet.slide_articles.tpl.php(105): Smarty_Internal_Template->getSubTemplate('f../../engine/S...', NULL, 'frontend_emotio...', NULL, NULL, Array, 0)
#2 /kunden/399154_22085/webseiten/shop/engine/Library/Smarty/sysplugins/smarty_internal_templatebase.php(180): content_53b15d3488a885_84212976(Object(Enlight_Template_Default))
#3 /kunden/399154_22085/webseiten/shop/engine/Library/Smarty/sysplugins/smarty_internal_template.php(286): Smarty_Internal_TemplateBase->fetch(NULL, NULL, NULL, NULL, false, false, true)
#4 /kunden/399154_22085/webseiten/shop/cache/templates/frontend_emotion_pureglow_de_DE_1/80/b3/a9/80b3a96c4a90d3f679e95bb85774270c97576991.snippet.viewed.tpl.php(56): Smarty_Internal_Template->getSubTemplate('widgets/recomme...', NULL, 'frontend_emotio...', NULL, NULL, Array, 0)
#5 /kunden/399154_22085/webseiten/shop/engine/Library/Smarty/sysplugins/smarty_internal_templatebase.php(180): content_53b1584bac7fa7_15982594(Object(Enlight_Template_Default))
#6 /kunden/399154_22085/webseiten/shop/engine/Library/Enlight/View/Default.php(273): Smarty_Internal_TemplateBase->fetch()
#7 /kunden/399154_22085/webseiten/shop/engine/Library/Enlight/Controller/Plugins/ViewRenderer/Bootstrap.php(212): Enlight_View_Default->render(Object(Enlight_Template_Default))
#8 /kunden/399154_22085/webseiten/shop/engine/Library/Enlight/Controller/Plugins/ViewRenderer/Bootstrap.php(238): Enlight_Controller_Plugins_ViewRenderer_Bootstrap->renderTemplate(Object(Enlight_Template_Default))
#9 /kunden/399154_22085/webseiten/shop/engine/Library/Enlight/Controller/Plugins/ViewRenderer/Bootstrap.php(136): Enlight_Controller_Plugins_ViewRenderer_Bootstrap->render()
#10 [internal function]: Enlight_Controller_Plugins_ViewRenderer_Bootstrap->onPostDispatch(Object(Enlight_Controller_ActionEventArgs))
#11 /kunden/399154_22085/webseiten/shop/engine/Library/Enlight/Event/Handler/Default.php(91): call_user_func(Array, Object(Enlight_Controller_ActionEventArgs))
#12 /kunden/399154_22085/webseiten/shop/engine/Library/Enlight/Event/EventManager.php(211): Enlight_Event_Handler_Default->execute(Object(Enlight_Controller_ActionEventArgs))
#13 /kunden/399154_22085/webseiten/shop/engine/Library/Enlight/Controller/Action.php(202): Enlight_Event_EventManager->notify('Enlight_Control...', Object(Enlight_Controller_ActionEventArgs))
#14 /kunden/399154_22085/webseiten/shop/engine/Library/Enlight/Controller/Dispatcher/Default.php(528): Enlight_Controller_Action->dispatch('viewedAction')
#15 /kunden/399154_22085/webseiten/shop/engine/Library/Enlight/Template/Plugins/function.action.php(96): Enlight_Controller_Dispatcher_Default->dispatch(Object(Enlight_Controller_Request_RequestHttp), Object(Enlight_Controller_Response_ResponseHttp))
#16 /kunden/399154_22085/webseiten/shop/cache/templates/frontend_emotion_pureglow_de_DE_1/16/02/c2/1602c28c0b097415d9d2d55d5d7bfa9958f41fe6.snippet.index.tpl.php(826): smarty_function_action(Array, Object(Enlight_Template_Default))
#17 /kunden/399154_22085/webseiten/shop/engine/Library/Smarty/sysplugins/smarty_internal_templatebase.php(180): content_53b1584b6794f2_16818937(Object(Enlight_Template_Default))
#18 /kunden/399154_22085/webseiten/shop/engine/Library/Enlight/View/Default.php(273): Smarty_Internal_TemplateBase->fetch()
#19 /kunden/399154_22085/webseiten/shop/engine/Library/Enlight/Controller/Plugins/ViewRenderer/Bootstrap.php(212): Enlight_View_Default->render(Object(Enlight_Template_Default))
#20 /kunden/399154_22085/webseiten/shop/engine/Library/Enlight/Controller/Plugins/ViewRenderer/Bootstrap.php(238): Enlight_Controller_Plugins_ViewRenderer_Bootstrap->renderTemplate(Object(Enlight_Template_Default))
#21 /kunden/399154_22085/webseiten/shop/engine/Library/Enlight/Controller/Plugins/ViewRenderer/Bootstrap.php(136): Enlight_Controller_Plugins_ViewRenderer_Bootstrap->render()
#22 [internal function]: Enlight_Controller_Plugins_ViewRenderer_Bootstrap->onPostDispatch(Object(Enlight_Controller_ActionEventArgs))
#23 /kunden/399154_22085/webseiten/shop/engine/Library/Enlight/Event/Handler/Default.php(91): call_user_func(Array, Object(Enlight_Controller_ActionEventArgs))
#24 /kunden/399154_22085/webseiten/shop/engine/Library/Enlight/Event/EventManager.php(211): Enlight_Event_Handler_Default->execute(Object(Enlight_Controller_ActionEventArgs))
#25 /kunden/399154_22085/webseiten/shop/engine/Library/Enlight/Controller/Action.php(202): Enlight_Event_EventManager->notify('Enlight_Control...', Object(Enlight_Controller_ActionEventArgs))
#26 /kunden/399154_22085/webseiten/shop/engine/Library/Enlight/Controller/Dispatcher/Default.php(528): Enlight_Controller_Action->dispatch('indexAction')
#27 /kunden/399154_22085/webseiten/shop/engine/Library/Enlight/Controller/Front.php(228): Enlight_Controller_Dispatcher_Default->dispatch(Object(Enlight_Controller_Request_RequestHttp), Object(Enlight_Controller_Response_ResponseHttp))
#28 /kunden/399154_22085/webseiten/shop/engine/Shopware/Kernel.php(141): Enlight_Controller_Front->dispatch()
#29 /kunden/399154_22085/webseiten/shop/vendor/symfony/http-kernel/Symfony/Component/HttpKernel/HttpCache/HttpCache.php(473): Shopware\Kernel->handle(Object(Symfony\Component\HttpFoundation\Request), 1, true)
#30 /kunden/399154_22085/webseiten/shop/engine/Shopware/Components/HttpCache/AppCache.php(256): Symfony\Component\HttpKernel\HttpCache\HttpCache->forward(Object(Symfony\Component\HttpFoundation\Request), true, NULL)
#31 /kunden/399154_22085/webseiten/shop/vendor/symfony/http-kernel/Symfony/Component/HttpKernel/HttpCache/HttpCache.php(430): Shopware\Components\HttpCache\AppCache->forward(Object(Symfony\Component\HttpFoundation\Request), true)
#32 /kunden/399154_22085/webseiten/shop/vendor/symfony/http-kernel/Symfony/Component/HttpKernel/HttpCache/HttpCache.php(330): Symfony\Component\HttpKernel\HttpCache\HttpCache->fetch(Object(Symfony\Component\HttpFoundation\Request), true)
#33 /kunden/399154_22085/webseiten/shop/engine/Shopware/Components/HttpCache/AppCache.php(178): Symfony\Component\HttpKernel\HttpCache\HttpCache->lookup(Object(Symfony\Component\HttpFoundation\Request), true)
#34 /kunden/399154_22085/webseiten/shop/vendor/symfony/http-kernel/Symfony/Component/HttpKernel/HttpCache/HttpCache.php(194): Shopware\Components\HttpCache\AppCache->lookup(Object(Symfony\Component\HttpFoundation\Request), true)
#35 /kunden/399154_22085/webseiten/shop/engine/Shopware/Components/HttpCache/AppCache.php(113): Symfony\Component\HttpKernel\HttpCache\HttpCache->handle(Object(Symfony\Component\HttpFoundation\Request), 1, true)
#36 /kunden/399154_22085/webseiten/shop/shopware.php(91): Shopware\Components\HttpCache\AppCache->handle(Object(Symfony\Component\HttpFoundation\Request))
#37 {main} [] {"uid":"4a517d8"}
[2014-06-30 16:48:03] core.ERROR: exception 'PDOException' with message 'SQLSTATE[42000]: Syntax error or access violation: 1064 You have an error in your SQL syntax; check the manual that corresponds to your MySQL server version for the right syntax to use near '-9 OFFSET 19' at line 1' in /kunden/399154_22085/webseiten/shop/vendor/doctrine/dbal/lib/Doctrine/DBAL/Connection.php:693
Stack trace:
#0 /kunden/399154_22085/webseiten/shop/vendor/doctrine/dbal/lib/Doctrine/DBAL/Connection.php(693): PDOStatement->execute()
#1 /kunden/399154_22085/webseiten/shop/vendor/doctrine/orm/lib/Doctrine/ORM/Query/Exec/SingleSelectExecutor.php(50): Doctrine\DBAL\Connection->executeQuery('SELECT s0_.id A...', Array, Array, NULL)
#2 /kunden/399154_22085/webseiten/shop/vendor/doctrine/orm/lib/Doctrine/ORM/Query.php(286): Doctrine\ORM\Query\Exec\SingleSelectExecutor->execute(Object(Doctrine\DBAL\Connection), Array, Array)
#3 /kunden/399154_22085/webseiten/shop/vendor/doctrine/orm/lib/Doctrine/ORM/AbstractQuery.php(794): Doctrine\ORM\Query->_doExecute()
#4 /kunden/399154_22085/webseiten/shop/vendor/doctrine/orm/lib/Doctrine/ORM/AbstractQuery.php(574): Doctrine\ORM\AbstractQuery->execute(NULL, 1)
#5 /kunden/399154_22085/webseiten/shop/engine/Shopware/Controllers/Backend/MediaManager.php(994): Doctrine\ORM\AbstractQuery->getResult()
#6 /kunden/399154_22085/webseiten/shop/engine/Library/Enlight/Controller/Action.php(159): Shopware_Controllers_Backend_MediaManager->createThumbnailsAction()
#7 /kunden/399154_22085/webseiten/shop/engine/Library/Enlight/Controller/Dispatcher/Default.php(528): Enlight_Controller_Action->dispatch('createThumbnail...')
#8 /kunden/399154_22085/webseiten/shop/engine/Library/Enlight/Controller/Front.php(228): Enlight_Controller_Dispatcher_Default->dispatch(Object(Enlight_Controller_Request_RequestHttp), Object(Enlight_Controller_Response_ResponseHttp))
#9 /kunden/399154_22085/webseiten/shop/engine/Shopware/Kernel.php(141): Enlight_Controller_Front->dispatch()
#10 /kunden/399154_22085/webseiten/shop/vendor/symfony/http-kernel/Symfony/Component/HttpKernel/HttpCache/HttpCache.php(473): Shopware\Kernel->handle(Object(Symfony\Component\HttpFoundation\Request), 1, true)
#11 /kunden/399154_22085/webseiten/shop/engine/Shopware/Components/HttpCache/AppCache.php(256): Symfony\Component\HttpKernel\HttpCache\HttpCache->forward(Object(Symfony\Component\HttpFoundation\Request), true, NULL)
#12 /kunden/399154_22085/webseiten/shop/vendor/symfony/http-kernel/Symfony/Component/HttpKernel/HttpCache/HttpCache.php(244): Shopware\Components\HttpCache\AppCache->forward(Object(Symfony\Component\HttpFoundation\Request), true)
#13 /kunden/399154_22085/webseiten/shop/engine/Shopware/Components/HttpCache/AppCache.php(102): Symfony\Component\HttpKernel\HttpCache\HttpCache->pass(Object(Symfony\Component\HttpFoundation\Request), true)
#14 /kunden/399154_22085/webseiten/shop/shopware.php(91): Shopware\Components\HttpCache\AppCache->handle(Object(Symfony\Component\HttpFoundation\Request))
#15 {main}

Next exception 'Doctrine\DBAL\DBALException' with message 'An exception occurred while executing 'SELECT s0_.id AS id0, s0_.albumID AS albumID1, s0_.name AS name2, s0_.description AS description3, s0_.path AS path4, s0_.type AS type5, s0_.extension AS extension6, s0_.userID AS userID7, s0_.created AS created8, s0_.file_size AS file_size9, s0_.albumID AS albumID10 FROM s_media s0_ WHERE s0_.albumID = ? LIMIT -9 OFFSET 19' with params ["-1"]:

SQLSTATE[42000]: Syntax error or access violation: 1064 You have an error in your SQL syntax; check the manual that corresponds to your MySQL server version for the right syntax to use near '-9 OFFSET 19' at line 1' in /kunden/399154_22085/webseiten/shop/vendor/doctrine/dbal/lib/Doctrine/DBAL/DBALException.php:91
Stack trace:
#0 /kunden/399154_22085/webseiten/shop/vendor/doctrine/dbal/lib/Doctrine/DBAL/Connection.php(701): Doctrine\DBAL\DBALException::driverExceptionDuringQuery(Object(PDOException), 'SELECT s0_.id A...', Array)
#1 /kunden/399154_22085/webseiten/shop/vendor/doctrine/orm/lib/Doctrine/ORM/Query/Exec/SingleSelectExecutor.php(50): Doctrine\DBAL\Connection->executeQuery('SELECT s0_.id A...', Array, Array, NULL)
#2 /kunden/399154_22085/webseiten/shop/vendor/doctrine/orm/lib/Doctrine/ORM/Query.php(286): Doctrine\ORM\Query\Exec\SingleSelectExecutor->execute(Object(Doctrine\DBAL\Connection), Array, Array)
#3 /kunden/399154_22085/webseiten/shop/vendor/doctrine/orm/lib/Doctrine/ORM/AbstractQuery.php(794): Doctrine\ORM\Query->_doExecute()
#4 /kunden/399154_22085/webseiten/shop/vendor/doctrine/orm/lib/Doctrine/ORM/AbstractQuery.php(574): Doctrine\ORM\AbstractQuery->execute(NULL, 1)
#5 /kunden/399154_22085/webseiten/shop/engine/Shopware/Controllers/Backend/MediaManager.php(994): Doctrine\ORM\AbstractQuery->getResult()
#6 /kunden/399154_22085/webseiten/shop/engine/Library/Enlight/Controller/Action.php(159): Shopware_Controllers_Backend_MediaManager->createThumbnailsAction()
#7 /kunden/399154_22085/webseiten/shop/engine/Library/Enlight/Controller/Dispatcher/Default.php(528): Enlight_Controller_Action->dispatch('createThumbnail...')
#8 /kunden/399154_22085/webseiten/shop/engine/Library/Enlight/Controller/Front.php(228): Enlight_Controller_Dispatcher_Default->dispatch(Object(Enlight_Controller_Request_RequestHttp), Object(Enlight_Controller_Response_ResponseHttp))
#9 /kunden/399154_22085/webseiten/shop/engine/Shopware/Kernel.php(141): Enlight_Controller_Front->dispatch()
#10 /kunden/399154_22085/webseiten/shop/vendor/symfony/http-kernel/Symfony/Component/HttpKernel/HttpCache/HttpCache.php(473): Shopware\Kernel->handle(Object(Symfony\Component\HttpFoundation\Request), 1, true)
#11 /kunden/399154_22085/webseiten/shop/engine/Shopware/Components/HttpCache/AppCache.php(256): Symfony\Component\HttpKernel\HttpCache\HttpCache->forward(Object(Symfony\Component\HttpFoundation\Request), true, NULL)
#12 /kunden/399154_22085/webseiten/shop/vendor/symfony/http-kernel/Symfony/Component/HttpKernel/HttpCache/HttpCache.php(244): Shopware\Components\HttpCache\AppCache->forward(Object(Symfony\Component\HttpFoundation\Request), true)
#13 /kunden/399154_22085/webseiten/shop/engine/Shopware/Components/HttpCache/AppCache.php(102): Symfony\Component\HttpKernel\HttpCache\HttpCache->pass(Object(Symfony\Component\HttpFoundation\Request), true)
#14 /kunden/399154_22085/webseiten/shop/shopware.php(91): Shopware\Components\HttpCache\AppCache->handle(Object(Symfony\Component\HttpFoundation\Request))
#15 {main} [] {"uid":"c048001"}
[2014-06-30 16:58:10] core.ERROR: exception 'PDOException' with message 'SQLSTATE[42000]: Syntax error or access violation: 1064 You have an error in your SQL syntax; check the manual that corresponds to your MySQL server version for the right syntax to use near '-18 OFFSET 28' at line 1' in /kunden/399154_22085/webseiten/shop/vendor/doctrine/dbal/lib/Doctrine/DBAL/Connection.php:693
Stack trace:
#0 /kunden/399154_22085/webseiten/shop/vendor/doctrine/dbal/lib/Doctrine/DBAL/Connection.php(693): PDOStatement->execute()
#1 /kunden/399154_22085/webseiten/shop/vendor/doctrine/orm/lib/Doctrine/ORM/Query/Exec/SingleSelectExecutor.php(50): Doctrine\DBAL\Connection->executeQuery('SELECT s0_.id A...', Array, Array, NULL)
#2 /kunden/399154_22085/webseiten/shop/vendor/doctrine/orm/lib/Doctrine/ORM/Query.php(286): Doctrine\ORM\Query\Exec\SingleSelectExecutor->execute(Object(Doctrine\DBAL\Connection), Array, Array)
#3 /kunden/399154_22085/webseiten/shop/vendor/doctrine/orm/lib/Doctrine/ORM/AbstractQuery.php(794): Doctrine\ORM\Query->_doExecute()
#4 /kunden/399154_22085/webseiten/shop/vendor/doctrine/orm/lib/Doctrine/ORM/AbstractQuery.php(574): Doctrine\ORM\AbstractQuery->execute(NULL, 1)
#5 /kunden/399154_22085/webseiten/shop/engine/Shopware/Controllers/Backend/MediaManager.php(994): Doctrine\ORM\AbstractQuery->getResult()
#6 /kunden/399154_22085/webseiten/shop/engine/Library/Enlight/Controller/Action.php(159): Shopware_Controllers_Backend_MediaManager->createThumbnailsAction()
#7 /kunden/399154_22085/webseiten/shop/engine/Library/Enlight/Controller/Dispatcher/Default.php(528): Enlight_Controller_Action->dispatch('createThumbnail...')
#8 /kunden/399154_22085/webseiten/shop/engine/Library/Enlight/Controller/Front.php(228): Enlight_Controller_Dispatcher_Default->dispatch(Object(Enlight_Controller_Request_RequestHttp), Object(Enlight_Controller_Response_ResponseHttp))
#9 /kunden/399154_22085/webseiten/shop/engine/Shopware/Kernel.php(141): Enlight_Controller_Front->dispatch()
#10 /kunden/399154_22085/webseiten/shop/vendor/symfony/http-kernel/Symfony/Component/HttpKernel/HttpCache/HttpCache.php(473): Shopware\Kernel->handle(Object(Symfony\Component\HttpFoundation\Request), 1, true)
#11 /kunden/399154_22085/webseiten/shop/engine/Shopware/Components/HttpCache/AppCache.php(256): Symfony\Component\HttpKernel\HttpCache\HttpCache->forward(Object(Symfony\Component\HttpFoundation\Request), true, NULL)
#12 /kunden/399154_22085/webseiten/shop/vendor/symfony/http-kernel/Symfony/Component/HttpKernel/HttpCache/HttpCache.php(244): Shopware\Components\HttpCache\AppCache->forward(Object(Symfony\Component\HttpFoundation\Request), true)
#13 /kunden/399154_22085/webseiten/shop/engine/Shopware/Components/HttpCache/AppCache.php(102): Symfony\Component\HttpKernel\HttpCache\HttpCache->pass(Object(Symfony\Component\HttpFoundation\Request), true)
#14 /kunden/399154_22085/webseiten/shop/shopware.php(91): Shopware\Components\HttpCache\AppCache->handle(Object(Symfony\Component\HttpFoundation\Request))
#15 {main}

Next exception 'Doctrine\DBAL\DBALException' with message 'An exception occurred while executing 'SELECT s0_.id AS id0, s0_.albumID AS albumID1, s0_.name AS name2, s0_.description AS description3, s0_.path AS path4, s0_.type AS type5, s0_.extension AS extension6, s0_.userID AS userID7, s0_.created AS created8, s0_.file_size AS file_size9, s0_.albumID AS albumID10 FROM s_media s0_ WHERE s0_.albumID = ? LIMIT -18 OFFSET 28' with params ["-1"]:

SQLSTATE[42000]: Syntax error or access violation: 1064 You have an error in your SQL syntax; check the manual that corresponds to your MySQL server version for the right syntax to use near '-18 OFFSET 28' at line 1' in /kunden/399154_22085/webseiten/shop/vendor/doctrine/dbal/lib/Doctrine/DBAL/DBALException.php:91
Stack trace:
#0 /kunden/399154_22085/webseiten/shop/vendor/doctrine/dbal/lib/Doctrine/DBAL/Connection.php(701): Doctrine\DBAL\DBALException::driverExceptionDuringQuery(Object(PDOException), 'SELECT s0_.id A...', Array)
#1 /kunden/399154_22085/webseiten/shop/vendor/doctrine/orm/lib/Doctrine/ORM/Query/Exec/SingleSelectExecutor.php(50): Doctrine\DBAL\Connection->executeQuery('SELECT s0_.id A...', Array, Array, NULL)
#2 /kunden/399154_22085/webseiten/shop/vendor/doctrine/orm/lib/Doctrine/ORM/Query.php(286): Doctrine\ORM\Query\Exec\SingleSelectExecutor->execute(Object(Doctrine\DBAL\Connection), Array, Array)
#3 /kunden/399154_22085/webseiten/shop/vendor/doctrine/orm/lib/Doctrine/ORM/AbstractQuery.php(794): Doctrine\ORM\Query->_doExecute()
#4 /kunden/399154_22085/webseiten/shop/vendor/doctrine/orm/lib/Doctrine/ORM/AbstractQuery.php(574): Doctrine\ORM\AbstractQuery->execute(NULL, 1)
#5 /kunden/399154_22085/webseiten/shop/engine/Shopware/Controllers/Backend/MediaManager.php(994): Doctrine\ORM\AbstractQuery->getResult()
#6 /kunden/399154_22085/webseiten/shop/engine/Library/Enlight/Controller/Action.php(159): Shopware_Controllers_Backend_MediaManager->createThumbnailsAction()
#7 /kunden/399154_22085/webseiten/shop/engine/Library/Enlight/Controller/Dispatcher/Default.php(528): Enlight_Controller_Action->dispatch('createThumbnail...')
#8 /kunden/399154_22085/webseiten/shop/engine/Library/Enlight/Controller/Front.php(228): Enlight_Controller_Dispatcher_Default->dispatch(Object(Enlight_Controller_Request_RequestHttp), Object(Enlight_Controller_Response_ResponseHttp))
#9 /kunden/399154_22085/webseiten/shop/engine/Shopware/Kernel.php(141): Enlight_Controller_Front->dispatch()
#10 /kunden/399154_22085/webseiten/shop/vendor/symfony/http-kernel/Symfony/Component/HttpKernel/HttpCache/HttpCache.php(473): Shopware\Kernel->handle(Object(Symfony\Component\HttpFoundation\Request), 1, true)
#11 /kunden/399154_22085/webseiten/shop/engine/Shopware/Components/HttpCache/AppCache.php(256): Symfony\Component\HttpKernel\HttpCache\HttpCache->forward(Object(Symfony\Component\HttpFoundation\Request), true, NULL)
#12 /kunden/399154_22085/webseiten/shop/vendor/symfony/http-kernel/Symfony/Component/HttpKernel/HttpCache/HttpCache.php(244): Shopware\Components\HttpCache\AppCache->forward(Object(Symfony\Component\HttpFoundation\Request), true)
#13 /kunden/399154_22085/webseiten/shop/engine/Shopware/Components/HttpCache/AppCache.php(102): Symfony\Component\HttpKernel\HttpCache\HttpCache->pass(Object(Symfony\Component\HttpFoundation\Request), true)
#14 /kunden/399154_22085/webseiten/shop/shopware.php(91): Shopware\Components\HttpCache\AppCache->handle(Object(Symfony\Component\HttpFoundation\Request))
#15 {main} [] {"uid":"33d6627"}
