[2014-07-01 14:36:53] core.ERROR: exception 'SmartyException' with message 'Unable to load template snippet 'frontend/detail/index.tpl|frontend/plugins/swag_variants_tabs/index.tpl|frontend/index/variants_tab_header.tpl|frontend/plugins/facebook/blocks_detail.tpl|frontend/plugins/seo/index.tpl|frontend/plugins/advanced_menu/index.tpl'' in /kunden/399154_22085/webseiten/shop/engine/Library/Smarty/sysplugins/smarty_internal_templatebase.php:127
Stack trace:
#0 /kunden/399154_22085/webseiten/shop/engine/Library/Enlight/View/Default.php(273): Smarty_Internal_TemplateBase->fetch()
#1 /kunden/399154_22085/webseiten/shop/engine/Library/Enlight/Controller/Plugins/ViewRenderer/Bootstrap.php(212): Enlight_View_Default->render(Object(Enlight_Template_Default))
#2 /kunden/399154_22085/webseiten/shop/engine/Library/Enlight/Controller/Plugins/ViewRenderer/Bootstrap.php(238): Enlight_Controller_Plugins_ViewRenderer_Bootstrap->renderTemplate(Object(Enlight_Template_Default))
#3 /kunden/399154_22085/webseiten/shop/engine/Library/Enlight/Controller/Plugins/ViewRenderer/Bootstrap.php(136): Enlight_Controller_Plugins_ViewRenderer_Bootstrap->render()
#4 [internal function]: Enlight_Controller_Plugins_ViewRenderer_Bootstrap->onPostDispatch(Object(Enlight_Controller_ActionEventArgs))
#5 /kunden/399154_22085/webseiten/shop/engine/Library/Enlight/Event/Handler/Default.php(91): call_user_func(Array, Object(Enlight_Controller_ActionEventArgs))
#6 /kunden/399154_22085/webseiten/shop/engine/Library/Enlight/Event/EventManager.php(211): Enlight_Event_Handler_Default->execute(Object(Enlight_Controller_ActionEventArgs))
#7 /kunden/399154_22085/webseiten/shop/engine/Library/Enlight/Controller/Action.php(202): Enlight_Event_EventManager->notify('Enlight_Control...', Object(Enlight_Controller_ActionEventArgs))
#8 /kunden/399154_22085/webseiten/shop/engine/Library/Enlight/Controller/Dispatcher/Default.php(528): Enlight_Controller_Action->dispatch('indexAction')
#9 /kunden/399154_22085/webseiten/shop/engine/Library/Enlight/Controller/Front.php(228): Enlight_Controller_Dispatcher_Default->dispatch(Object(Enlight_Controller_Request_RequestHttp), Object(Enlight_Controller_Response_ResponseHttp))
#10 /kunden/399154_22085/webseiten/shop/engine/Shopware/Kernel.php(141): Enlight_Controller_Front->dispatch()
#11 /kunden/399154_22085/webseiten/shop/vendor/symfony/http-kernel/Symfony/Component/HttpKernel/HttpCache/HttpCache.php(473): Shopware\Kernel->handle(Object(Symfony\Component\HttpFoundation\Request), 1, true)
#12 /kunden/399154_22085/webseiten/shop/engine/Shopware/Components/HttpCache/AppCache.php(256): Symfony\Component\HttpKernel\HttpCache\HttpCache->forward(Object(Symfony\Component\HttpFoundation\Request), true, NULL)
#13 /kunden/399154_22085/webseiten/shop/vendor/symfony/http-kernel/Symfony/Component/HttpKernel/HttpCache/HttpCache.php(430): Shopware\Components\HttpCache\AppCache->forward(Object(Symfony\Component\HttpFoundation\Request), true)
#14 /kunden/399154_22085/webseiten/shop/vendor/symfony/http-kernel/Symfony/Component/HttpKernel/HttpCache/HttpCache.php(330): Symfony\Component\HttpKernel\HttpCache\HttpCache->fetch(Object(Symfony\Component\HttpFoundation\Request), true)
#15 /kunden/399154_22085/webseiten/shop/engine/Shopware/Components/HttpCache/AppCache.php(178): Symfony\Component\HttpKernel\HttpCache\HttpCache->lookup(Object(Symfony\Component\HttpFoundation\Request), true)
#16 /kunden/399154_22085/webseiten/shop/vendor/symfony/http-kernel/Symfony/Component/HttpKernel/HttpCache/HttpCache.php(194): Shopware\Components\HttpCache\AppCache->lookup(Object(Symfony\Component\HttpFoundation\Request), true)
#17 /kunden/399154_22085/webseiten/shop/engine/Shopware/Components/HttpCache/AppCache.php(113): Symfony\Component\HttpKernel\HttpCache\HttpCache->handle(Object(Symfony\Component\HttpFoundation\Request), 1, true)
#18 /kunden/399154_22085/webseiten/shop/shopware.php(91): Shopware\Components\HttpCache\AppCache->handle(Object(Symfony\Component\HttpFoundation\Request))
#19 {main} [] {"uid":"262202b"}
[2014-07-01 14:39:35] core.ERROR: exception 'SmartyException' with message 'Unable to load template snippet 'frontend/detail/index.tpl|widgets/recommendation/extends.tpl|frontend/plugins/facebook/blocks_detail.tpl|frontend/plugins/seo/index.tpl|frontend/plugins/advanced_menu/index.tpl'' in /kunden/399154_22085/webseiten/shop/engine/Library/Smarty/sysplugins/smarty_internal_templatebase.php:127
Stack trace:
#0 /kunden/399154_22085/webseiten/shop/engine/Library/Enlight/View/Default.php(273): Smarty_Internal_TemplateBase->fetch()
#1 /kunden/399154_22085/webseiten/shop/engine/Library/Enlight/Controller/Plugins/ViewRenderer/Bootstrap.php(212): Enlight_View_Default->render(Object(Enlight_Template_Default))
#2 /kunden/399154_22085/webseiten/shop/engine/Library/Enlight/Controller/Plugins/ViewRenderer/Bootstrap.php(238): Enlight_Controller_Plugins_ViewRenderer_Bootstrap->renderTemplate(Object(Enlight_Template_Default))
#3 /kunden/399154_22085/webseiten/shop/engine/Library/Enlight/Controller/Plugins/ViewRenderer/Bootstrap.php(136): Enlight_Controller_Plugins_ViewRenderer_Bootstrap->render()
#4 [internal function]: Enlight_Controller_Plugins_ViewRenderer_Bootstrap->onPostDispatch(Object(Enlight_Controller_ActionEventArgs))
#5 /kunden/399154_22085/webseiten/shop/engine/Library/Enlight/Event/Handler/Default.php(91): call_user_func(Array, Object(Enlight_Controller_ActionEventArgs))
#6 /kunden/399154_22085/webseiten/shop/engine/Library/Enlight/Event/EventManager.php(211): Enlight_Event_Handler_Default->execute(Object(Enlight_Controller_ActionEventArgs))
#7 /kunden/399154_22085/webseiten/shop/engine/Library/Enlight/Controller/Action.php(202): Enlight_Event_EventManager->notify('Enlight_Control...', Object(Enlight_Controller_ActionEventArgs))
#8 /kunden/399154_22085/webseiten/shop/engine/Library/Enlight/Controller/Dispatcher/Default.php(528): Enlight_Controller_Action->dispatch('indexAction')
#9 /kunden/399154_22085/webseiten/shop/engine/Library/Enlight/Controller/Front.php(228): Enlight_Controller_Dispatcher_Default->dispatch(Object(Enlight_Controller_Request_RequestHttp), Object(Enlight_Controller_Response_ResponseHttp))
#10 /kunden/399154_22085/webseiten/shop/engine/Shopware/Kernel.php(141): Enlight_Controller_Front->dispatch()
#11 /kunden/399154_22085/webseiten/shop/vendor/symfony/http-kernel/Symfony/Component/HttpKernel/HttpCache/HttpCache.php(473): Shopware\Kernel->handle(Object(Symfony\Component\HttpFoundation\Request), 1, true)
#12 /kunden/399154_22085/webseiten/shop/engine/Shopware/Components/HttpCache/AppCache.php(256): Symfony\Component\HttpKernel\HttpCache\HttpCache->forward(Object(Symfony\Component\HttpFoundation\Request), true, NULL)
#13 /kunden/399154_22085/webseiten/shop/vendor/symfony/http-kernel/Symfony/Component/HttpKernel/HttpCache/HttpCache.php(430): Shopware\Components\HttpCache\AppCache->forward(Object(Symfony\Component\HttpFoundation\Request), true)
#14 /kunden/399154_22085/webseiten/shop/vendor/symfony/http-kernel/Symfony/Component/HttpKernel/HttpCache/HttpCache.php(330): Symfony\Component\HttpKernel\HttpCache\HttpCache->fetch(Object(Symfony\Component\HttpFoundation\Request), true)
#15 /kunden/399154_22085/webseiten/shop/engine/Shopware/Components/HttpCache/AppCache.php(178): Symfony\Component\HttpKernel\HttpCache\HttpCache->lookup(Object(Symfony\Component\HttpFoundation\Request), true)
#16 /kunden/399154_22085/webseiten/shop/vendor/symfony/http-kernel/Symfony/Component/HttpKernel/HttpCache/HttpCache.php(194): Shopware\Components\HttpCache\AppCache->lookup(Object(Symfony\Component\HttpFoundation\Request), true)
#17 /kunden/399154_22085/webseiten/shop/engine/Shopware/Components/HttpCache/AppCache.php(113): Symfony\Component\HttpKernel\HttpCache\HttpCache->handle(Object(Symfony\Component\HttpFoundation\Request), 1, true)
#18 /kunden/399154_22085/webseiten/shop/shopware.php(91): Shopware\Components\HttpCache\AppCache->handle(Object(Symfony\Component\HttpFoundation\Request))
#19 {main} [] {"uid":"904eae6"}
[2014-07-01 14:40:29] core.ERROR: exception 'SmartyException' with message 'Unable to load template snippet 'frontend/detail/index.tpl|widgets/recommendation/extends.tpl|frontend/plugins/facebook/blocks_detail.tpl|frontend/plugins/seo/index.tpl|frontend/plugins/advanced_menu/index.tpl'' in /kunden/399154_22085/webseiten/shop/engine/Library/Smarty/sysplugins/smarty_internal_templatebase.php:127
Stack trace:
#0 /kunden/399154_22085/webseiten/shop/engine/Library/Enlight/View/Default.php(273): Smarty_Internal_TemplateBase->fetch()
#1 /kunden/399154_22085/webseiten/shop/engine/Library/Enlight/Controller/Plugins/ViewRenderer/Bootstrap.php(212): Enlight_View_Default->render(Object(Enlight_Template_Default))
#2 /kunden/399154_22085/webseiten/shop/engine/Library/Enlight/Controller/Plugins/ViewRenderer/Bootstrap.php(238): Enlight_Controller_Plugins_ViewRenderer_Bootstrap->renderTemplate(Object(Enlight_Template_Default))
#3 /kunden/399154_22085/webseiten/shop/engine/Library/Enlight/Controller/Plugins/ViewRenderer/Bootstrap.php(136): Enlight_Controller_Plugins_ViewRenderer_Bootstrap->render()
#4 [internal function]: Enlight_Controller_Plugins_ViewRenderer_Bootstrap->onPostDispatch(Object(Enlight_Controller_ActionEventArgs))
#5 /kunden/399154_22085/webseiten/shop/engine/Library/Enlight/Event/Handler/Default.php(91): call_user_func(Array, Object(Enlight_Controller_ActionEventArgs))
#6 /kunden/399154_22085/webseiten/shop/engine/Library/Enlight/Event/EventManager.php(211): Enlight_Event_Handler_Default->execute(Object(Enlight_Controller_ActionEventArgs))
#7 /kunden/399154_22085/webseiten/shop/engine/Library/Enlight/Controller/Action.php(202): Enlight_Event_EventManager->notify('Enlight_Control...', Object(Enlight_Controller_ActionEventArgs))
#8 /kunden/399154_22085/webseiten/shop/engine/Library/Enlight/Controller/Dispatcher/Default.php(528): Enlight_Controller_Action->dispatch('indexAction')
#9 /kunden/399154_22085/webseiten/shop/engine/Library/Enlight/Controller/Front.php(228): Enlight_Controller_Dispatcher_Default->dispatch(Object(Enlight_Controller_Request_RequestHttp), Object(Enlight_Controller_Response_ResponseHttp))
#10 /kunden/399154_22085/webseiten/shop/engine/Shopware/Kernel.php(141): Enlight_Controller_Front->dispatch()
#11 /kunden/399154_22085/webseiten/shop/vendor/symfony/http-kernel/Symfony/Component/HttpKernel/HttpCache/HttpCache.php(473): Shopware\Kernel->handle(Object(Symfony\Component\HttpFoundation\Request), 1, true)
#12 /kunden/399154_22085/webseiten/shop/engine/Shopware/Components/HttpCache/AppCache.php(256): Symfony\Component\HttpKernel\HttpCache\HttpCache->forward(Object(Symfony\Component\HttpFoundation\Request), true, NULL)
#13 /kunden/399154_22085/webseiten/shop/vendor/symfony/http-kernel/Symfony/Component/HttpKernel/HttpCache/HttpCache.php(430): Shopware\Components\HttpCache\AppCache->forward(Object(Symfony\Component\HttpFoundation\Request), true)
#14 /kunden/399154_22085/webseiten/shop/vendor/symfony/http-kernel/Symfony/Component/HttpKernel/HttpCache/HttpCache.php(330): Symfony\Component\HttpKernel\HttpCache\HttpCache->fetch(Object(Symfony\Component\HttpFoundation\Request), true)
#15 /kunden/399154_22085/webseiten/shop/engine/Shopware/Components/HttpCache/AppCache.php(178): Symfony\Component\HttpKernel\HttpCache\HttpCache->lookup(Object(Symfony\Component\HttpFoundation\Request), true)
#16 /kunden/399154_22085/webseiten/shop/vendor/symfony/http-kernel/Symfony/Component/HttpKernel/HttpCache/HttpCache.php(194): Shopware\Components\HttpCache\AppCache->lookup(Object(Symfony\Component\HttpFoundation\Request), true)
#17 /kunden/399154_22085/webseiten/shop/engine/Shopware/Components/HttpCache/AppCache.php(113): Symfony\Component\HttpKernel\HttpCache\HttpCache->handle(Object(Symfony\Component\HttpFoundation\Request), 1, true)
#18 /kunden/399154_22085/webseiten/shop/shopware.php(91): Shopware\Components\HttpCache\AppCache->handle(Object(Symfony\Component\HttpFoundation\Request))
#19 {main} [] {"uid":"f11fec7"}
